<?xml version="1.0" encoding="UTF-8"?>
<!-- Generated by org.testng.reporters.JUnitReportReporter -->
<testsuite skipped="0" hostname="LAPTOP-BB4MC9O4" name="com.testcases.First_Program" tests="1" failures="0" timestamp="09 Nov 2019 18:08:20 GMT" time="31.094" errors="0">
  <testcase name="test" time="31.094" classname="com.testcases.First_Program"/>
</testsuite> <!-- com.testcases.First_Program -->
